TN:
SF:js/validators.js
FN:1,validateTask
FN:21,validateResponsible
FN:37,isValidEmail
FN:42,isValidPhone
FNF:4
FNH:4
FNDA:9,validateTask
FNDA:13,validateResponsible
FNDA:7,isValidEmail
FNDA:5,isValidPhone
DA:2,9
DA:3,4
DA:6,5
DA:7,1
DA:10,4
DA:11,1
DA:14,3
DA:15,0
DA:18,3
DA:22,13
DA:23,2
DA:26,11
DA:27,3
DA:30,8
DA:31,1
DA:34,7
DA:38,7
DA:39,7
DA:43,5
DA:44,5
LF:20
LH:19
BRDA:2,0,0,4
BRDA:2,0,1,5
BRDA:2,1,0,9
BRDA:2,1,1,6
BRDA:6,2,0,1
BRDA:6,2,1,4
BRDA:10,3,0,1
BRDA:10,3,1,3
BRDA:14,4,0,0
BRDA:14,4,1,3
BRDA:22,5,0,2
BRDA:22,5,1,11
BRDA:22,6,0,13
BRDA:22,6,1,12
BRDA:26,7,0,3
BRDA:26,7,1,8
BRDA:26,8,0,11
BRDA:26,8,1,7
BRDA:30,9,0,1
BRDA:30,9,1,7
BRDA:30,10,0,8
BRDA:30,10,1,5
BRF:22
BRH:21
end_of_record
